0 info it worked if it ends with ok
1 verbose cli [ '/usr/bin/node', '/usr/bin/npm', 'shrinkwrap' ]
2 info using npm@2.11.3
3 info using node@v0.12.7
4 verbose node symlink /usr/bin/node
5 warn unmet dependency /home/dabes/Schreibtisch/DEV/geoval/node_modules/grunt-google-cdn/node_modules/bower/node_modules/fstream requires graceful-fs@'^4.1.2' but will load
5 warn unmet dependency /home/dabes/Schreibtisch/DEV/geoval/node_modules/grunt-google-cdn/node_modules/bower/node_modules/graceful-fs,
5 warn unmet dependency which is version 3.0.8
6 warn unmet dependency /home/dabes/Schreibtisch/DEV/geoval/node_modules/grunt-google-cdn/node_modules/bower/node_modules/insight requires configstore@'^1.0.0' but will load
6 warn unmet dependency /home/dabes/Schreibtisch/DEV/geoval/node_modules/grunt-google-cdn/node_modules/bower/node_modules/configstore,
6 warn unmet dependency which is version 0.3.2
7 warn unmet dependency /home/dabes/Schreibtisch/DEV/geoval/node_modules/grunt-google-cdn/node_modules/bower/node_modules/insight/node_modules/os-name/node_modules/win-release requires semver@'^5.0.1' but will load
7 warn unmet dependency /home/dabes/Schreibtisch/DEV/geoval/node_modules/grunt-google-cdn/node_modules/bower/node_modules/semver,
7 warn unmet dependency which is version 2.3.2
8 warn unmet dependency /home/dabes/Schreibtisch/DEV/geoval/node_modules/grunt-google-cdn/node_modules/google-cdn/node_modules/bower/node_modules/fstream requires graceful-fs@'^4.1.2' but will load
8 warn unmet dependency /home/dabes/Schreibtisch/DEV/geoval/node_modules/grunt-google-cdn/node_modules/google-cdn/node_modules/bower/node_modules/graceful-fs,
8 warn unmet dependency which is version 3.0.8
9 warn unmet dependency /home/dabes/Schreibtisch/DEV/geoval/node_modules/grunt-google-cdn/node_modules/google-cdn/node_modules/bower/node_modules/insight/node_modules/os-name/node_modules/win-release requires semver@'^5.0.1' but will load
9 warn unmet dependency /home/dabes/Schreibtisch/DEV/geoval/node_modules/grunt-google-cdn/node_modules/google-cdn/node_modules/semver,
9 warn unmet dependency which is version 2.3.2
10 warn unmet dependency /home/dabes/Schreibtisch/DEV/geoval/node_modules/karma/node_modules/connect/node_modules/body-parser/node_modules/raw-body requires iconv-lite@'0.4.12' but will load
10 warn unmet dependency /home/dabes/Schreibtisch/DEV/geoval/node_modules/karma/node_modules/connect/node_modules/body-parser/node_modules/iconv-lite,
10 warn unmet dependency which is version 0.4.11
11 verbose stack Error: Problems were encountered
11 verbose stack Please correct and try again.
11 verbose stack extraneous: sshpk@1.6.2 /home/dabes/Schreibtisch/DEV/geoval/node_modules/jsdom/node_modules/request/node_modules/sshpk
11 verbose stack missing: underscore@^1.7.0, required by rekuire@0.1.9
11 verbose stack extraneous: sshpk@1.6.2 /home/dabes/Schreibtisch/DEV/geoval/node_modules/grunt-nodemon/node_modules/nodemon/node_modules/update-notifier/node_modules/request/node_modules/sshpk
11 verbose stack missing: md5-hex@^1.0.2, required by bower@1.6.5
11 verbose stack invalid: configstore@0.3.2 /home/dabes/Schreibtisch/DEV/geoval/node_modules/grunt-google-cdn/node_modules/bower/node_modules/configstore
11 verbose stack invalid: graceful-fs@3.0.8 /home/dabes/Schreibtisch/DEV/geoval/node_modules/grunt-google-cdn/node_modules/bower/node_modules/graceful-fs
11 verbose stack invalid: semver@2.3.2 /home/dabes/Schreibtisch/DEV/geoval/node_modules/grunt-google-cdn/node_modules/bower/node_modules/semver
11 verbose stack invalid: graceful-fs@3.0.8 /home/dabes/Schreibtisch/DEV/geoval/node_modules/grunt-google-cdn/node_modules/google-cdn/node_modules/bower/node_modules/graceful-fs
11 verbose stack invalid: semver@2.3.2 /home/dabes/Schreibtisch/DEV/geoval/node_modules/grunt-google-cdn/node_modules/google-cdn/node_modules/semver
11 verbose stack missing: is-extglob@^1.0.0, required by is-glob@2.0.1
11 verbose stack missing: process-nextick-args@~1.0.0, required by readable-stream@2.0.4
11 verbose stack missing: util-deprecate@~1.0.1, required by readable-stream@2.0.4
11 verbose stack invalid: iconv-lite@0.4.11 /home/dabes/Schreibtisch/DEV/geoval/node_modules/karma/node_modules/connect/node_modules/body-parser/node_modules/iconv-lite
11 verbose stack extraneous: sshpk@1.6.2 /home/dabes/Schreibtisch/DEV/geoval/node_modules/grunt-contrib-imagemin/node_modules/imagemin/node_modules/imagemin-gifsicle/node_modules/gifsicle/node_modules/bin-build/node_modules/download/node_modules/request/node_modules/sshpk
11 verbose stack extraneous: sshpk@1.6.2 /home/dabes/Schreibtisch/DEV/geoval/node_modules/grunt-contrib-imagemin/node_modules/imagemin/node_modules/imagemin-gifsicle/node_modules/gifsicle/node_modules/bin-wrapper/node_modules/download/node_modules/request/node_modules/sshpk
11 verbose stack extraneous: sshpk@1.6.2 /home/dabes/Schreibtisch/DEV/geoval/node_modules/grunt-contrib-imagemin/node_modules/imagemin/node_modules/imagemin-jpegtran/node_modules/jpegtran-bin/node_modules/bin-build/node_modules/download/node_modules/request/node_modules/sshpk
11 verbose stack extraneous: sshpk@1.6.2 /home/dabes/Schreibtisch/DEV/geoval/node_modules/grunt-contrib-imagemin/node_modules/imagemin/node_modules/imagemin-jpegtran/node_modules/jpegtran-bin/node_modules/bin-wrapper/node_modules/download/node_modules/request/node_modules/sshpk
11 verbose stack extraneous: sshpk@1.6.2 /home/dabes/Schreibtisch/DEV/geoval/node_modules/grunt-contrib-imagemin/node_modules/imagemin/node_modules/imagemin-optipng/node_modules/optipng-bin/node_modules/bin-build/node_modules/download/node_modules/request/node_modules/sshpk
11 verbose stack extraneous: sshpk@1.6.2 /home/dabes/Schreibtisch/DEV/geoval/node_modules/grunt-contrib-imagemin/node_modules/imagemin/node_modules/imagemin-optipng/node_modules/optipng-bin/node_modules/bin-wrapper/node_modules/download/node_modules/request/node_modules/sshpk
11 verbose stack extraneous: sshpk@1.6.2 /home/dabes/Schreibtisch/DEV/geoval/node_modules/grunt-contrib-imagemin/node_modules/imagemin/node_modules/imagemin-pngquant/node_modules/pngquant-bin/node_modules/bin-build/node_modules/download/node_modules/request/node_modules/sshpk
11 verbose stack extraneous: sshpk@1.6.2 /home/dabes/Schreibtisch/DEV/geoval/node_modules/grunt-contrib-imagemin/node_modules/imagemin/node_modules/imagemin-pngquant/node_modules/pngquant-bin/node_modules/bin-wrapper/node_modules/download/node_modules/request/node_modules/sshpk
11 verbose stack     at shrinkwrap_ (/usr/lib/node_modules/npm/lib/shrinkwrap.js:37:15)
11 verbose stack     at /usr/lib/node_modules/npm/lib/shrinkwrap.js:31:5
11 verbose stack     at /usr/lib/node_modules/npm/lib/ls.js:47:30
11 verbose stack     at /usr/lib/node_modules/npm/node_modules/read-installed/read-installed.js:138:5
11 verbose stack     at /usr/lib/node_modules/npm/node_modules/read-installed/read-installed.js:251:14
11 verbose stack     at cb (/usr/lib/node_modules/npm/node_modules/slide/lib/async-map.js:47:24)
11 verbose stack     at /usr/lib/node_modules/npm/node_modules/read-installed/read-installed.js:251:14
11 verbose stack     at cb (/usr/lib/node_modules/npm/node_modules/slide/lib/async-map.js:47:24)
11 verbose stack     at /usr/lib/node_modules/npm/node_modules/read-installed/read-installed.js:251:14
11 verbose stack     at cb (/usr/lib/node_modules/npm/node_modules/slide/lib/async-map.js:47:24)
12 verbose cwd /home/dabes/Schreibtisch/DEV/geoval
13 error Linux 3.19.0-33-generic
14 error argv "/usr/bin/node" "/usr/bin/npm" "shrinkwrap"
15 error node v0.12.7
16 error npm  v2.11.3
17 error Problems were encountered
17 error Please correct and try again.
17 error extraneous: sshpk@1.6.2 /home/dabes/Schreibtisch/DEV/geoval/node_modules/jsdom/node_modules/request/node_modules/sshpk
17 error missing: underscore@^1.7.0, required by rekuire@0.1.9
17 error extraneous: sshpk@1.6.2 /home/dabes/Schreibtisch/DEV/geoval/node_modules/grunt-nodemon/node_modules/nodemon/node_modules/update-notifier/node_modules/request/node_modules/sshpk
17 error missing: md5-hex@^1.0.2, required by bower@1.6.5
17 error invalid: configstore@0.3.2 /home/dabes/Schreibtisch/DEV/geoval/node_modules/grunt-google-cdn/node_modules/bower/node_modules/configstore
17 error invalid: graceful-fs@3.0.8 /home/dabes/Schreibtisch/DEV/geoval/node_modules/grunt-google-cdn/node_modules/bower/node_modules/graceful-fs
17 error invalid: semver@2.3.2 /home/dabes/Schreibtisch/DEV/geoval/node_modules/grunt-google-cdn/node_modules/bower/node_modules/semver
17 error invalid: graceful-fs@3.0.8 /home/dabes/Schreibtisch/DEV/geoval/node_modules/grunt-google-cdn/node_modules/google-cdn/node_modules/bower/node_modules/graceful-fs
17 error invalid: semver@2.3.2 /home/dabes/Schreibtisch/DEV/geoval/node_modules/grunt-google-cdn/node_modules/google-cdn/node_modules/semver
17 error missing: is-extglob@^1.0.0, required by is-glob@2.0.1
17 error missing: process-nextick-args@~1.0.0, required by readable-stream@2.0.4
17 error missing: util-deprecate@~1.0.1, required by readable-stream@2.0.4
17 error invalid: iconv-lite@0.4.11 /home/dabes/Schreibtisch/DEV/geoval/node_modules/karma/node_modules/connect/node_modules/body-parser/node_modules/iconv-lite
17 error extraneous: sshpk@1.6.2 /home/dabes/Schreibtisch/DEV/geoval/node_modules/grunt-contrib-imagemin/node_modules/imagemin/node_modules/imagemin-gifsicle/node_modules/gifsicle/node_modules/bin-build/node_modules/download/node_modules/request/node_modules/sshpk
17 error extraneous: sshpk@1.6.2 /home/dabes/Schreibtisch/DEV/geoval/node_modules/grunt-contrib-imagemin/node_modules/imagemin/node_modules/imagemin-gifsicle/node_modules/gifsicle/node_modules/bin-wrapper/node_modules/download/node_modules/request/node_modules/sshpk
17 error extraneous: sshpk@1.6.2 /home/dabes/Schreibtisch/DEV/geoval/node_modules/grunt-contrib-imagemin/node_modules/imagemin/node_modules/imagemin-jpegtran/node_modules/jpegtran-bin/node_modules/bin-build/node_modules/download/node_modules/request/node_modules/sshpk
17 error extraneous: sshpk@1.6.2 /home/dabes/Schreibtisch/DEV/geoval/node_modules/grunt-contrib-imagemin/node_modules/imagemin/node_modules/imagemin-jpegtran/node_modules/jpegtran-bin/node_modules/bin-wrapper/node_modules/download/node_modules/request/node_modules/sshpk
17 error extraneous: sshpk@1.6.2 /home/dabes/Schreibtisch/DEV/geoval/node_modules/grunt-contrib-imagemin/node_modules/imagemin/node_modules/imagemin-optipng/node_modules/optipng-bin/node_modules/bin-build/node_modules/download/node_modules/request/node_modules/sshpk
17 error extraneous: sshpk@1.6.2 /home/dabes/Schreibtisch/DEV/geoval/node_modules/grunt-contrib-imagemin/node_modules/imagemin/node_modules/imagemin-optipng/node_modules/optipng-bin/node_modules/bin-wrapper/node_modules/download/node_modules/request/node_modules/sshpk
17 error extraneous: sshpk@1.6.2 /home/dabes/Schreibtisch/DEV/geoval/node_modules/grunt-contrib-imagemin/node_modules/imagemin/node_modules/imagemin-pngquant/node_modules/pngquant-bin/node_modules/bin-build/node_modules/download/node_modules/request/node_modules/sshpk
17 error extraneous: sshpk@1.6.2 /home/dabes/Schreibtisch/DEV/geoval/node_modules/grunt-contrib-imagemin/node_modules/imagemin/node_modules/imagemin-pngquant/node_modules/pngquant-bin/node_modules/bin-wrapper/node_modules/download/node_modules/request/node_modules/sshpk
18 error If you need help, you may report this error at:
18 error     <https://github.com/npm/npm/issues>
19 verbose exit [ 1, true ]
